This is pdfTeX, Version 3.14159265-2.6-1.40.19 (TeX Live 2019/dev/Debian) (preloaded format=latex 2020.3.23)  22 APR 2020 11:11
entering extended mode
 restricted \write18 enabled.
 %&-line parsing enabled.
**chapitre12.tex
(./chapitre12.tex
LaTeX2e <2018-12-01>
! Undefined control sequence.
l.1 \chapter
            {Régimes transitoires}
? 
! Interruption.
<to be read again> 
                   {
l.1 \chapter{
             Régimes transitoires}
? ^^[
Type <return> to proceed, S to scroll future error messages,
R to run without stopping, Q to run quietly,
I to insert something, E to edit your file,
H for help, X to quit.
? 

! LaTeX Error: Missing \begin{document}.

See the LaTeX manual or LaTeX Companion for explanation.
Type  H <return>  for immediate help.
 ...                                              
                                                  
l.1 \chapter{R
              égimes transitoires}
? 
Missing character: There is no R in font nullfont!
LaTeX Font Info:    Try loading font information for +cmr on input line 1.
LaTeX Font Info:    No file cmr.fd. on input line 1.

LaTeX Font Warning: Font shape `/cmr/m/n' undefined
(Font)              using `/cmr/m/n' instead on input line 1.

! Corrupted NFSS tables.
wrong@fontshape ...message {Corrupted NFSS tables}
                                                  error@fontshape else let f...
l.1 \chapter{Ré
                gimes transitoires}
? 
! Emergency stop.
wrong@fontshape ...message {Corrupted NFSS tables}
                                                  error@fontshape else let f...
l.1 \chapter{Ré
                gimes transitoires}
End of file on the terminal!

 
Here is how much of TeX's memory you used:
 14 strings out of 494419
 235 string characters out of 6173614
 52931 words of memory out of 5000000
 3797 multiletter control sequences out of 15000+600000
 3640 words of font info for 14 fonts, out of 8000000 for 9000
 81 hyphenation exceptions out of 8191
 14i,1n,14p,75b,85s stack positions out of 5000i,500n,10000p,200000b,80000s
No pages of output.
