This is pdfTeX, Version 3.14159265-2.6-1.40.19 (TeX Live 2019/dev/Debian) (preloaded format=latex 2020.3.23)  22 APR 2020 11:10
entering extended mode
 restricted \write18 enabled.
 %&-line parsing enabled.
**chapitre1.tex
(./chapitre1.tex
LaTeX2e <2018-12-01>
! Undefined control sequence.
l.1 \chapter
            {Cinématique du point matériel}
? 
! Interruption.
<to be read again> 
                   {
l.1 \chapter{
             Cinématique du point matériel}
? exit
 
Here is how much of TeX's memory you used:
 5 strings out of 494419
 150 string characters out of 6173614
 52486 words of memory out of 5000000
 3790 multiletter control sequences out of 15000+600000
 3640 words of font info for 14 fonts, out of 8000000 for 9000
 81 hyphenation exceptions out of 8191
 5i,0n,1p,62b,8s stack positions out of 5000i,500n,10000p,200000b,80000s
No pages of output.
