This is pdfTeX, Version 3.14159265-2.6-1.40.15 (TeX Live 2014) (preloaded format=latex 2015.1.20)  13 MAR 2016 23:03
entering extended mode
 restricted \write18 enabled.
 %&-line parsing enabled.
**chapitre10.tex
(./chapitre10.tex
LaTeX2e <2014/05/01>
Babel <3.9k> and hyphenation patterns for 78 languages loaded.
! Undefined control sequence.
l.1 \chapter
            {Conducteurs ohmiques, loi d'ohm, loi de joule}
? 
! Interruption.
<to be read again> 
                   {
l.1 \chapter{
             Conducteurs ohmiques, loi d'ohm, loi de joule}
? x
 
Here is how much of TeX's memory you used:
 5 strings out of 493118
 139 string characters out of 6135465
 52906 words of memory out of 5000000
 3568 multiletter control sequences out of 15000+600000
 3640 words of font info for 14 fonts, out of 8000000 for 9000
 1141 hyphenation exceptions out of 8191
 5i,0n,1p,74b,8s stack positions out of 5000i,500n,10000p,200000b,80000s
No pages of output.
