\BOOKMARK [0][-]{chapter.1}{Cin\351matique du point mat\351riel}{}% 1
\BOOKMARK [1][-]{section.1.1}{Espace physique et temps d'un observateur}{chapter.1}% 2
\BOOKMARK [2][-]{subsection.1.1.1}{Notion de solide}{section.1.1}% 3
\BOOKMARK [2][-]{subsection.1.1.2}{Espace physique}{section.1.1}% 4
\BOOKMARK [2][-]{subsection.1.1.3}{Chronologie et d\351finition de la seconde}{section.1.1}% 5
\BOOKMARK [1][-]{section.1.2}{Mouvement et r\351f\351rentiel, temps absolu}{chapter.1}% 6
\BOOKMARK [1][-]{section.1.3}{Notion de point mat\351riel}{chapter.1}% 7
\BOOKMARK [1][-]{section.1.4}{Compl\351ment de g\351om\351trie}{chapter.1}% 8
\BOOKMARK [2][-]{subsection.1.4.1}{Rep\350re, coordonn\351es cart\351siennes}{section.1.4}% 9
\BOOKMARK [2][-]{subsection.1.4.2}{Coordonn\351es cylindriques, ou cylindro-polaires}{section.1.4}% 10
\BOOKMARK [1][-]{section.1.5}{Trajectoire, abscisse curviligne et loi horaire}{chapter.1}% 11
\BOOKMARK [1][-]{section.1.6}{Vitesse}{chapter.1}% 12
\BOOKMARK [1][-]{section.1.7}{Acc\351l\351ration}{chapter.1}% 13
\BOOKMARK [1][-]{section.1.8}{Mouvements particuliers}{chapter.1}% 14
\BOOKMARK [2][-]{subsection.1.8.1}{Lois horaires particuli\350res}{section.1.8}% 15
\BOOKMARK [2][-]{subsection.1.8.2}{Mouvements rectilignes}{section.1.8}% 16
\BOOKMARK [2][-]{subsection.1.8.3}{Mouvements \340 acc\351l\351ration constante}{section.1.8}% 17
\BOOKMARK [2][-]{subsection.1.8.4}{Mouvements circulaires}{section.1.8}% 18
\BOOKMARK [1][-]{section.1.9}{Produit vectoriel}{chapter.1}% 19
\BOOKMARK [2][-]{subsection.1.9.1}{D\351finition}{section.1.9}% 20
\BOOKMARK [2][-]{subsection.1.9.2}{Propri\351t\351s du produit vectoriel}{section.1.9}% 21
\BOOKMARK [2][-]{subsection.1.9.3}{Norme, direction et sens du produit vectoriel, produit vectoriel nul}{section.1.9}% 22
\BOOKMARK [2][-]{subsection.1.9.4}{Moment en un point d'un vecteur li\351}{section.1.9}% 23
\BOOKMARK [1][-]{section.1.10}{Exercices}{chapter.1}% 24
\BOOKMARK [0][-]{chapter.2}{Cin\351matique du point mat\351riel}{}% 25
\BOOKMARK [1][-]{section.2.1}{Masse pesante et masse inerte}{chapter.2}% 26
\BOOKMARK [1][-]{section.2.2}{Quantit\351 de mouvement et moment cin\351tique}{chapter.2}% 27
\BOOKMARK [1][-]{section.2.3}{Principe d'inertie, r\351f\351rentiel galil\351en}{chapter.2}% 28
\BOOKMARK [1][-]{section.2.4}{Notion de force}{chapter.2}% 29
\BOOKMARK [1][-]{section.2.5}{Relation fondamentale de la dynamique du point mat\351riel \(deuxi\350me loi de Newton\)}{chapter.2}% 30
\BOOKMARK [1][-]{section.2.6}{Th\351or\350me du moment cin\351tique pour un point mat\351riel}{chapter.2}% 31
\BOOKMARK [1][-]{section.2.7}{Principe des interactions \(troisi\350me loi de Newton\)}{chapter.2}% 32
\BOOKMARK [1][-]{section.2.8}{Interactions \340 distance}{chapter.2}% 33
\BOOKMARK [2][-]{subsection.2.8.1}{Interaction gravitationelle}{section.2.8}% 34
\BOOKMARK [2][-]{subsection.2.8.2}{Interaction \351lectromagn\351tique}{section.2.8}% 35
\BOOKMARK [2][-]{subsection.2.8.3}{Interaction forte}{section.2.8}% 36
\BOOKMARK [2][-]{subsection.2.8.4}{Interaction faible}{section.2.8}% 37
\BOOKMARK [2][-]{subsection.2.8.5}{Unification des interactions}{section.2.8}% 38
\BOOKMARK [1][-]{section.2.9}{Interactions de contact}{chapter.2}% 39
\BOOKMARK [2][-]{subsection.2.9.1}{Point mat\351riel li\351 \340 un fil tendu de masse nulle}{section.2.9}% 40
\BOOKMARK [2][-]{subsection.2.9.2}{Point mat\351riel li\351e \340 une extr\351mit\351 d'un ressort parfait}{section.2.9}% 41
\BOOKMARK [2][-]{subsection.2.9.3}{Mouvement d'un point li\351 \340 une courbe ou \340 une surface}{section.2.9}% 42
\BOOKMARK [1][-]{section.2.10}{Exercices}{chapter.2}% 43
\BOOKMARK [0][-]{chapter.3}{Applications de la relation fondamentale de la dynamique}{}% 44
\BOOKMARK [1][-]{section.3.1}{Chute libre, tir dans le vide}{chapter.3}% 45
\BOOKMARK [1][-]{section.3.2}{Influence de la r\351sistance de l'air sur le tir d'un projectile pour des vitesses faibles}{chapter.3}% 46
\BOOKMARK [1][-]{section.3.3}{Tir vertical}{chapter.3}% 47
\BOOKMARK [1][-]{section.3.4}{Mouvement d'un point mat\351riel soumis \340 une force de rappel}{chapter.3}% 48
\BOOKMARK [2][-]{subsection.3.4.1}{Pendule \351lastique horizontal}{section.3.4}% 49
\BOOKMARK [2][-]{subsection.3.4.2}{Pendule \351lastique vertical}{section.3.4}% 50
\BOOKMARK [1][-]{section.3.5}{Exercices}{chapter.3}% 51
\BOOKMARK [0][-]{chapter.4}{Aspects \351nerg\351tiques de la dynamique du point mat\351riel}{}% 52
\BOOKMARK [1][-]{section.4.1}{Puissance et travail d'une force}{chapter.4}% 53
\BOOKMARK [1][-]{section.4.2}{\311nergie cin\351tique, th\351or\350me de l'\351nergie cin\351tique pour un point mat\351riel}{chapter.4}% 54
\BOOKMARK [1][-]{section.4.3}{Exemple d'utilisation du th\351or\350me de l'\351nergie cin\351tique}{chapter.4}% 55
\BOOKMARK [1][-]{section.4.4}{Exemples de calculs de travaux et de puissances}{chapter.4}% 56
\BOOKMARK [2][-]{subsection.4.4.1}{Travail du poids d'un point mat\351riel}{section.4.4}% 57
\BOOKMARK [2][-]{subsection.4.4.2}{Travail d'une force de rappel d'un ressort}{section.4.4}% 58
\BOOKMARK [2][-]{subsection.4.4.3}{Travail d'une force de frottement}{section.4.4}% 59
\BOOKMARK [1][-]{section.4.5}{\311nergie potentielle d'un point mat\351rielle}{chapter.4}% 60
\BOOKMARK [2][-]{subsection.4.5.1}{Force conservative}{section.4.5}% 61
\BOOKMARK [2][-]{subsection.4.5.2}{\311nergie potentielle}{section.4.5}% 62
\BOOKMARK [2][-]{subsection.4.5.3}{\311nergie potentielle de pesanteur}{section.4.5}% 63
\BOOKMARK [2][-]{subsection.4.5.4}{\311nergie potentielle \351lastique}{section.4.5}% 64
\BOOKMARK [2][-]{subsection.4.5.5}{Cas d'une force qui ne travaille pas}{section.4.5}% 65
\BOOKMARK [1][-]{section.4.6}{\311nergie m\351canique d'un point mat\351riel, limites du mouvement}{chapter.4}% 66
\BOOKMARK [2][-]{subsection.4.6.1}{D\351finition de l'\351nergie m\351canique et th\351or\350me de l'\351nergie m\351canique pour un point mat\351riel}{section.4.6}% 67
\BOOKMARK [2][-]{subsection.4.6.2}{Limites du mouvement}{section.4.6}% 68
\BOOKMARK [1][-]{section.4.7}{Positions d'\351quilibre, stabilit\351 d'un \351quilibre}{chapter.4}% 69
\BOOKMARK [2][-]{subsection.4.7.1}{Positions d'\351quilibre}{section.4.7}% 70
\BOOKMARK [2][-]{subsection.4.7.2}{Stabilit\351 d'un \351quilibre}{section.4.7}% 71
\BOOKMARK [1][-]{section.4.8}{Exemples d'application}{chapter.4}% 72
\BOOKMARK [2][-]{subsection.4.8.1}{Utilisation de l'int\351grale premi\350re du mouvement pour un pendule \351lastique inclin\351}{section.4.8}% 73
\BOOKMARK [2][-]{subsection.4.8.2}{Positions d'\351quilibre d'un point mat\351riel sur un cercle}{section.4.8}% 74
\BOOKMARK [1][-]{section.4.9}{Exercices}{chapter.4}% 75
\BOOKMARK [0][-]{chapter.5}{Oscillateurs et portraits de phase}{}% 76
\BOOKMARK [1][-]{section.5.1}{Oscillateur harmonique}{chapter.5}% 77
\BOOKMARK [2][-]{subsection.5.1.1}{Mouvement d'un point mat\351riel sur une courbe au voisinage d'une position d'\351quilibre}{section.5.1}% 78
\BOOKMARK [2][-]{subsection.5.1.2}{Oscillateur harmonique}{section.5.1}% 79
\BOOKMARK [2][-]{subsection.5.1.3}{Aspect \351nerg\351tique}{section.5.1}% 80
\BOOKMARK [1][-]{section.5.2}{Portrait de phase}{chapter.5}% 81
\BOOKMARK [2][-]{subsection.5.2.1}{D\351finitions, propri\351t\351s des trajectoires de phase}{section.5.2}% 82
\BOOKMARK [2][-]{subsection.5.2.2}{Portraits de phase de l'oscillateur harmonique}{section.5.2}% 83
\BOOKMARK [2][-]{subsection.5.2.3}{Portrait de phase du pendule pesant simple}{section.5.2}% 84
\BOOKMARK [1][-]{section.5.3}{Oscillateur amorti par frottements fluides}{chapter.5}% 85
\BOOKMARK [2][-]{subsection.5.3.1}{\311quation diff\351rentielle}{section.5.3}% 86
\BOOKMARK [2][-]{subsection.5.3.2}{Loi horaire du mouvement}{section.5.3}% 87
\BOOKMARK [2][-]{subsection.5.3.3}{Aspect \351nerg\351tique, facteur de qualit\351 d'un oscillateur}{section.5.3}% 88
\BOOKMARK [2][-]{subsection.5.3.4}{Portrait de phase de l'oscillateur amorti}{section.5.3}% 89
\BOOKMARK [1][-]{section.5.4}{Exercices}{chapter.5}% 90
\BOOKMARK [0][-]{chapter.6}{Lois de Descartes \205 Prisme}{}% 91
\BOOKMARK [1][-]{section.6.1}{Nature de la lumi\350re}{chapter.6}% 92
\BOOKMARK [2][-]{subsection.6.1.1}{Vitesse de propagation, indices de r\351fraction}{section.6.1}% 93
\BOOKMARK [2][-]{subsection.6.1.2}{Diff\351rents domaines des ondes \351lectromagn\351tiques}{section.6.1}% 94
\BOOKMARK [1][-]{section.6.2}{Propagation rectiligne}{chapter.6}% 95
\BOOKMARK [2][-]{subsection.6.2.1}{Hypoth\350se de propagation rectiligne}{section.6.2}% 96
\BOOKMARK [2][-]{subsection.6.2.2}{Rayons lumineux}{section.6.2}% 97
\BOOKMARK [1][-]{section.6.3}{Lois de Descartes}{chapter.6}% 98
\BOOKMARK [2][-]{subsection.6.3.1}{D\351finitions}{section.6.3}% 99
\BOOKMARK [2][-]{subsection.6.3.2}{R\351flexion totale et r\351fraction limite}{section.6.3}% 100
\BOOKMARK [1][-]{section.6.4}{Prisme}{chapter.6}% 101
\BOOKMARK [2][-]{subsection.6.4.1}{Les formules du prisme}{section.6.4}% 102
\BOOKMARK [2][-]{subsection.6.4.2}{\311tude de la d\351viation en fonction de l'angle d'incidence}{section.6.4}% 103
\BOOKMARK [2][-]{subsection.6.4.3}{Exemple}{section.6.4}% 104
\BOOKMARK [2][-]{subsection.6.4.4}{\311tude de la d\351viation, dispersion polychromatique}{section.6.4}% 105
\BOOKMARK [1][-]{section.6.5}{Exercices}{chapter.6}% 106
