This is pdfTeX, Version 3.14159265-2.6-1.40.19 (TeX Live 2019/dev/Debian) (preloaded format=latex 2020.3.23)  22 APR 2020 11:11
entering extended mode
 restricted \write18 enabled.
 %&-line parsing enabled.
**preambule.tex
(./preambule.tex
LaTeX2e <2018-12-01>

! LaTeX Error: \usepackage before \documentclass.

See the LaTeX manual or LaTeX Companion for explanation.
Type  H <return>  for immediate help.
 ...                                              
                                                  
l.2 \usepackage{
                etex}
? 
! Emergency stop.
 ...                                              
                                                  
l.2 \usepackage{
                etex}
\usepackage may only appear in the document preamble, i.e.,
between \documentclass and \begin{document}.

 
Here is how much of TeX's memory you used:
 6 strings out of 494419
 292 string characters out of 6173614
 52957 words of memory out of 5000000
 3790 multiletter control sequences out of 15000+600000
 3640 words of font info for 14 fonts, out of 8000000 for 9000
 81 hyphenation exceptions out of 8191
 5i,0n,5p,96b,14s stack positions out of 5000i,500n,10000p,200000b,80000s
No pages of output.
